[2016-08-08 07:11:02] [access.p] [action:start] worker start,ppid:13974
[2016-08-08 07:11:02] [access.p] [action:start] a child created,pid:13975,ppid:13974
[2016-08-08 07:11:02] [access.p] [action:start] add child pid 13975 to childs,pid:13975,ppid:13974
[2016-08-08 07:11:51] [access.p] [action:start] recv SIGTERM,ppid:13974
[2016-08-08 07:11:51] [access.p] [action:start] send SIGTERM to child succ,pid:13975,ppid:13974
[2016-08-08 07:11:51] [access.p] [action:start] sended SIGTERM to all child,ppid:13974
[2016-08-08 07:11:51] [access.c] [action:start] recv SIGTERM from parent,pid:13975,ppid:
[2016-08-08 07:18:04] [access.p] [action:start] worker start,ppid:13990
[2016-08-08 07:18:04] [access.p] [action:start] a child created,pid:13991,ppid:13990
[2016-08-08 07:18:04] [access.p] [action:start] add child pid 13991 to childs,pid:13991,ppid:13990
[2016-08-08 07:18:29] [access.p] [action:start] recv SIGHUP,ppid:13990
[2016-08-08 07:18:29] [access.p] [action:start] worker start,ppid:13990
[2016-08-08 07:18:29] [access.p] [action:start] a child created,pid:13998,ppid:13990
[2016-08-08 07:18:29] [access.p] [action:start] add child pid 13998 to childs,pid:13998,ppid:13990
[2016-08-08 07:18:29] [access.p] [action:start] recv SIGTERM,ppid:13997
[2016-08-08 07:18:29] [access.c] [action:start] recv SINGINT from parent,pid:13991,ppid:
[2016-08-08 07:18:29] [access.p] [action:start] send SIGTERM to child succ,pid:13991,ppid:13997
[2016-08-08 07:18:29] [access.p] [action:start] sended SIGTERM to all child,ppid:13997
[2016-08-08 07:18:29] [access.p] [action:start] pid:13991 was unset from childs
[2016-08-08 07:26:32] [access.p] [action:start] worker start,ppid:14009
[2016-08-08 07:26:32] [access.p] [action:start] a child created,pid:14010,ppid:14009
[2016-08-08 07:26:32] [access.p] [action:start] add child pid 14010 to childs,pid:14010,ppid:14009
[2016-08-08 07:26:38] [access.p] [action:start] recv SIGTERM,ppid:14009
[2016-08-08 07:26:38] [access.p] [action:start] send SIGTERM to child succ,pid:14010,ppid:14009
[2016-08-08 07:26:38] [access.p] [action:start] sended SIGINT to all child,ppid:14009
[2016-08-08 07:26:38] [access.c] [action:start] recv SINGINT from parent,pid:14010,ppid:
[2016-08-08 07:26:46] [access.p] [action:start] worker start,ppid:14017
[2016-08-08 07:26:46] [access.p] [action:start] a child created,pid:14018,ppid:14017
[2016-08-08 07:26:46] [access.p] [action:start] add child pid 14018 to childs,pid:14018,ppid:14017
[2016-08-08 07:27:12] [access.p] [action:start] recv SIGTERM,ppid:14017
[2016-08-08 07:27:12] [access.p] [action:start] send SIGTERM to child succ,pid:14018,ppid:14017
[2016-08-08 07:27:12] [access.p] [action:start] sended SIGINT to all child,ppid:14017
[2016-08-08 07:27:12] [access.c] [action:start] recv SINGINT from parent,pid:14018,ppid:
[2016-08-08 07:27:59] [access.p] [action:start] worker start,ppid:14034
[2016-08-08 07:27:59] [access.p] [action:start] a child created,pid:14035,ppid:14034
[2016-08-08 07:27:59] [access.p] [action:start] add child pid 14035 to childs,pid:14035,ppid:14034
[2016-08-08 07:28:32] [access.p] [action:start] pid:14035 was unset from childs
[2016-08-08 07:28:44] [access.p] [action:start] recv SIGUSER1,ppid:14034
[2016-08-08 07:28:44] [access.p] [action:start] monitor find conf_job1 child process num is shortage, and ready add,ppid14034
[2016-08-08 07:28:44] [access.p] [action:start] worker start,ppid:14034
[2016-08-08 07:28:44] [access.p] [action:start] a child created,pid:14049,ppid:14034
[2016-08-08 07:28:44] [access.p] [action:start] add child pid 14049 to childs,pid:14049,ppid:14034
